#
# There is insufficient memory for the Java Runtime Environment to continue.
# Native memory allocation (malloc) failed to allocate 136096 bytes for Chunk::new
# Possible reasons:
#   The system is out of physical RAM or swap space
#   In 32 bit mode, the process size limit was hit
# Possible solutions:
#   Reduce memory load on the system
#   Increase physical memory or swap space
#   Check if swap backing store is full
#   Use 64 bit Java on a 64 bit OS
#   Decrease Java heap size (-Xmx/-Xms)
#   Decrease number of Java threads
#   Decrease Java thread stack sizes (-Xss)
#   Set larger code cache with -XX:ReservedCodeCacheSize=
# This output file may be truncated or incomplete.
#
#  Out of Memory Error (allocation.cpp:390), pid=8208, tid=0x0000000000000cd4
#
# JRE version: Java(TM) SE Runtime Environment (8.0_111-b14) (build 1.8.0_111-b14)
# Java VM: Java HotSpot(TM) 64-Bit Server VM (25.111-b14 mixed mode windows-amd64 compressed oops)
# Failed to write core dump. Minidumps are not enabled by default on client versions of Windows
#

---------------  T H R E A D  ---------------

Current thread (0x00000000177a0000):  JavaThread "C2 CompilerThread0" daemon [_thread_in_native, id=3284, stack(0x0000000018e20000,0x0000000018f20000)]

Stack: [0x0000000018e20000,0x0000000018f20000]
[error occurred during error reporting (printing stack bounds), id 0xc0000005]

Native frames: (J=compiled Java code, j=interpreted, Vv=VM code, C=native code)


Current CompileTask:
C2:  74767 2219   !   4       java.awt.Container::getMouseEventTargetImpl (255 bytes)


---------------  P R O C E S S  ---------------

Java Threads: ( => current thread )
  0x000000001a940800 JavaThread "Image Fetcher 3" daemon [_thread_blocked, id=7860, stack(0x0000000001090000,0x0000000001190000)]
  0x000000001a414800 JavaThread "TimerQueue" daemon [_thread_blocked, id=6212, stack(0x000000001c390000,0x000000001c490000)]
  0x0000000002b3e000 JavaThread "DestroyJavaVM" [_thread_blocked, id=8960, stack(0x0000000002a30000,0x0000000002b30000)]
  0x000000001a412800 JavaThread "AWT-EventQueue-0" [_thread_in_native, id=11284, stack(0x000000001b990000,0x000000001ba90000)]
  0x00000000194e8800 JavaThread "AWT-Windows" daemon [_thread_in_native, id=15180, stack(0x0000000019ad0000,0x0000000019bd0000)]
  0x0000000019494800 JavaThread "AWT-Shutdown" [_thread_blocked, id=6220, stack(0x00000000199d0000,0x0000000019ad0000)]
  0x0000000019494000 JavaThread "Java2D Disposer" daemon [_thread_blocked, id=14364, stack(0x00000000198a0000,0x00000000199a0000)]
  0x0000000019152000 JavaThread "Service Thread" daemon [_thread_blocked, id=2992, stack(0x0000000019520000,0x0000000019620000)]
  0x00000000177ee000 JavaThread "C1 CompilerThread2" daemon [_thread_blocked, id=15500, stack(0x0000000019020000,0x0000000019120000)]
  0x00000000177a2000 JavaThread "C2 CompilerThread1" daemon [_thread_in_native, id=17216, stack(0x0000000018f20000,0x0000000019020000)]
=>0x00000000177a0000 JavaThread "C2 CompilerThread0" daemon [_thread_in_native, id=3284, stack(0x0000000018e20000,0x0000000018f20000)]
  0x000000001779e800 JavaThread "Attach Listener" daemon [_thread_blocked, id=9900, stack(0x0000000018d20000,0x0000000018e20000)]
  0x000000001779d000 JavaThread "Signal Dispatcher" daemon [_thread_blocked, id=10048, stack(0x0000000018c20000,0x0000000018d20000)]
  0x0000000017789000 JavaThread "Finalizer" daemon [_thread_blocked, id=15992, stack(0x0000000018a00000,0x0000000018b00000)]
  0x0000000002c31000 JavaThread "Reference Handler" daemon [_thread_blocked, id=14592, stack(0x0000000018900000,0x0000000018a00000)]

Other Threads:
  0x0000000017767000 VMThread [stack: 0x0000000018800000,0x0000000018900000] [id=5112]
  0x000000001916d000 WatcherThread [stack: 0x0000000019620000,0x0000000019720000] [id=2824]

VM state:not at safepoint (normal execution)

VM Mutex/Monitor currently owned by a thread: None

Heap:
 PSYoungGen      total 38400K, used 8226K [0x00000000d5d00000, 0x00000000d8780000, 0x0000000100000000)
  eden space 33280K, 9% used [0x00000000d5d00000,0x00000000d60097a8,0x00000000d7d80000)
  from space 5120K, 99% used [0x00000000d7d80000,0x00000000d827f0f0,0x00000000d8280000)
  to   space 5120K, 0% used [0x00000000d8280000,0x00000000d8280000,0x00000000d8780000)
 ParOldGen       total 87552K, used 2475K [0x0000000081600000, 0x0000000086b80000, 0x00000000d5d00000)
  object space 87552K, 2% used [0x0000000081600000,0x000000008186ad58,0x0000000086b80000)
 Metaspace       used 15676K, capacity 15990K, committed 16256K, reserved 1062912K
  class space    used 2031K, capacity 2121K, committed 2176K, reserved 1048576K

Card table byte_map: [0x0000000012000000,0x0000000012400000] byte_map_base: 0x0000000011bf5000

Marking Bits: (ParMarkBitMap*) 0x0000000055e3a6c0
 Begin Bits: [0x0000000012ab0000, 0x0000000014a58000)
 End Bits:   [0x0000000014a58000, 0x0000000016a00000)

Polling page: 0x0000000000e50000

CodeCache: size=245760Kb used=7125Kb max_used=7141Kb free=238634Kb
 bounds [0x0000000002c40000, 0x0000000003350000, 0x0000000011c40000]
 total_blobs=2568 nmethods=2053 adapters=426
 compilation: enabled

Compilation events (10 events):
Event: 74.339 Thread 0x00000000177ee000 2215       3       java.lang.ref.SoftReference::get (29 bytes)
Event: 74.339 Thread 0x00000000177ee000 nmethod 2215 0x0000000003335190 code [0x00000000033352e0, 0x00000000033354d0]
Event: 74.339 Thread 0x00000000177ee000 2214       3       java.lang.Class::getInterfaces (41 bytes)
Event: 74.339 Thread 0x00000000177ee000 nmethod 2214 0x0000000003337010 code [0x00000000033371c0, 0x0000000003337618]
Event: 74.340 Thread 0x00000000177a2000 nmethod 2216 0x000000000333a710 code [0x000000000333a880, 0x000000000333abe8]
Event: 74.347 Thread 0x00000000177ee000 2217       3       sun.java2d.pipe.Region::getIntersection (132 bytes)
Event: 74.348 Thread 0x00000000177ee000 nmethod 2217 0x0000000003339b90 code [0x0000000003339d40, 0x000000000333a548]
Event: 74.359 Thread 0x00000000177a0000 nmethod 2212% 0x000000000333d290 code [0x000000000333d4c0, 0x000000000333e230]
Event: 74.748 Thread 0x00000000177a2000 2218       4       java.awt.Container::getMouseEventTarget (50 bytes)
Event: 74.748 Thread 0x00000000177a0000 2219   !   4       java.awt.Container::getMouseEventTargetImpl (255 bytes)

GC Heap History (2 events):
Event: 74.307 GC heap before
{Heap before GC invocations=1 (full 0):
 PSYoungGen      total 38400K, used 33280K [0x00000000d5d00000, 0x00000000d8780000, 0x0000000100000000)
  eden space 33280K, 100% used [0x00000000d5d00000,0x00000000d7d80000,0x00000000d7d80000)
  from space 5120K, 0% used [0x00000000d8280000,0x00000000d8280000,0x00000000d8780000)
  to   space 5120K, 0% used [0x00000000d7d80000,0x00000000d7d80000,0x00000000d8280000)
 ParOldGen       total 87552K, used 0K [0x0000000081600000, 0x0000000086b80000, 0x00000000d5d00000)
  object space 87552K, 0% used [0x0000000081600000,0x0000000081600000,0x0000000086b80000)
 Metaspace       used 15668K, capacity 15990K, committed 16256K, reserved 1062912K
  class space    used 2031K, capacity 2121K, committed 2176K, reserved 1048576K
Event: 74.315 GC heap after
Heap after GC invocations=1 (full 0):
 PSYoungGen      total 38400K, used 5116K [0x00000000d5d00000, 0x00000000d8780000, 0x0000000100000000)
  eden space 33280K, 0% used [0x00000000d5d00000,0x00000000d5d00000,0x00000000d7d80000)
  from space 5120K, 99% used [0x00000000d7d80000,0x00000000d827f0f0,0x00000000d8280000)
  to   space 5120K, 0% used [0x00000000d8280000,0x00000000d8280000,0x00000000d8780000)
 ParOldGen       total 87552K, used 2475K [0x0000000081600000, 0x0000000086b80000, 0x00000000d5d00000)
  object space 87552K, 2% used [0x0000000081600000,0x000000008186ad58,0x0000000086b80000)
 Metaspace       used 15668K, capacity 15990K, committed 16256K, reserved 1062912K
  class space    used 2031K, capacity 2121K, committed 2176K, reserved 1048576K
}

Deoptimization events (10 events):
Event: 57.707 Thread 0x000000001a412800 Uncommon trap: reason=unstable_if action=reinterpret pc=0x00000000031afbac method=sun.java2d.pipe.Region.isInsideQuickCheck(Lsun/java2d/pipe/Region;)Z @ 48
Event: 74.316 Thread 0x000000001a940800 Uncommon trap: reason=unstable_if action=reinterpret pc=0x0000000003051600 method=java.lang.ref.SoftReference.get()Ljava/lang/Object; @ 17
Event: 74.316 Thread 0x000000001a940800 Uncommon trap: reason=unstable_if action=reinterpret pc=0x00000000031630cc method=sun.util.calendar.ZoneInfo.getOffsets(J[II)I @ 4
Event: 74.328 Thread 0x000000001a412800 Uncommon trap: reason=speculate_class_check action=maybe_recompile pc=0x00000000031d4e80 method=java.awt.Component.getNormalShape()Lsun/java2d/pipe/Region; @ 5
Event: 74.329 Thread 0x000000001a412800 Uncommon trap: reason=speculate_class_check action=maybe_recompile pc=0x00000000031d4e80 method=java.awt.Component.getNormalShape()Lsun/java2d/pipe/Region; @ 5
Event: 74.329 Thread 0x000000001a412800 Uncommon trap: reason=speculate_class_check action=maybe_recompile pc=0x00000000031d4e80 method=java.awt.Component.getNormalShape()Lsun/java2d/pipe/Region; @ 5
Event: 74.338 Thread 0x000000001a412800 Uncommon trap: reason=unstable_if action=reinterpret pc=0x00000000032eac38 method=java.lang.ref.SoftReference.get()Ljava/lang/Object; @ 17
Event: 74.338 Thread 0x000000001a412800 Uncommon trap: reason=unstable_if action=reinterpret pc=0x0000000003107eb0 method=java.lang.ref.SoftReference.get()Ljava/lang/Object; @ 17
Event: 74.346 Thread 0x000000001a412800 Uncommon trap: reason=unstable_if action=reinterpret pc=0x00000000032f99c8 method=javax.swing.SwingUtilities.computeIntersection(IIIILjava/awt/Rectangle;)Ljava/awt/Rectangle; @ 151
Event: 74.347 Thread 0x000000001a412800 Uncommon trap: reason=speculate_class_check action=maybe_recompile pc=0x00000000031d4e80 method=java.awt.Component.getNormalShape()Lsun/java2d/pipe/Region; @ 5

Internal exceptions (10 events):
Event: 0.227 Thread 0x0000000002b3e000 Exception <a 'java/security/PrivilegedActionException'> (0x00000000d5fa1070) thrown at [C:\re\workspace\8-2-build-windows-amd64-cygwin\jdk8u111\7883\hotspot\src\share\vm\prims\jvm.cpp, line 1386]
Event: 0.227 Thread 0x0000000002b3e000 Exception <a 'java/security/PrivilegedActionException'> (0x00000000d5fa1280) thrown at [C:\re\workspace\8-2-build-windows-amd64-cygwin\jdk8u111\7883\hotspot\src\share\vm\prims\jvm.cpp, line 1386]
Event: 0.236 Thread 0x0000000002b3e000 Exception <a 'java/io/FileNotFoundException'> (0x00000000d5fa7798) thrown at [C:\re\workspace\8-2-build-windows-amd64-cygwin\jdk8u111\7883\hotspot\src\share\vm\prims\jni.cpp, line 709]
Event: 0.267 Thread 0x0000000002b3e000 Exception <a 'java/io/FileNotFoundException'> (0x00000000d5fcaae0) thrown at [C:\re\workspace\8-2-build-windows-amd64-cygwin\jdk8u111\7883\hotspot\src\share\vm\prims\jni.cpp, line 709]
Event: 0.308 Thread 0x0000000002b3e000 Implicit null exception at 0x0000000002db1422 to 0x0000000002db15e9
Event: 0.755 Thread 0x000000001a2de800 Exception <a 'java/lang/InterruptedException': sleep interrupted> (0x00000000d62b90b8) thrown at [C:\re\workspace\8-2-build-windows-amd64-cygwin\jdk8u111\7883\hotspot\src\share\vm\prims\jvm.cpp, line 3176]
Event: 12.391 Thread 0x0000000019265000 Exception <a 'java/lang/InterruptedException': sleep interrupted> (0x00000000d6aea100) thrown at [C:\re\workspace\8-2-build-windows-amd64-cygwin\jdk8u111\7883\hotspot\src\share\vm\prims\jvm.cpp, line 3176]
Event: 53.637 Thread 0x000000001a412800 Implicit null exception at 0x000000000313a4df to 0x000000000313b445
Event: 74.316 Thread 0x000000001a940800 Implicit null exception at 0x0000000003162d41 to 0x00000000031630ad
Event: 74.318 Thread 0x000000001a940800 Exception <a 'java/lang/InterruptedException': sleep interrupted> (0x00000000d5d08758) thrown at [C:\re\workspace\8-2-build-windows-amd64-cygwin\jdk8u111\7883\hotspot\src\share\vm\prims\jvm.cpp, line 3176]

Events (10 events):
Event: 74.338 Thread 0x000000001a412800 DEOPT PACKING pc=0x0000000003107eb0 sp=0x000000001ba8af50
Event: 74.338 Thread 0x000000001a412800 DEOPT UNPACKING pc=0x0000000002c8582a sp=0x000000001ba8ae90 mode 2
Event: 74.344 Executing VM operation: BulkRevokeBias
Event: 74.344 Executing VM operation: BulkRevokeBias done
Event: 74.346 Thread 0x000000001a412800 Uncommon trap: trap_request=0xffffff65 fr.pc=0x00000000032f99c8
Event: 74.346 Thread 0x000000001a412800 DEOPT PACKING pc=0x00000000032f99c8 sp=0x000000001ba8dc60
Event: 74.346 Thread 0x000000001a412800 DEOPT UNPACKING pc=0x0000000002c8582a sp=0x000000001ba8dbc0 mode 2
Event: 74.347 Thread 0x000000001a412800 Uncommon trap: trap_request=0xffffff76 fr.pc=0x00000000031d4e80
Event: 74.347 Thread 0x000000001a412800 DEOPT PACKING pc=0x00000000031d4e80 sp=0x000000001ba8ca40
Event: 74.347 Thread 0x000000001a412800 DEOPT UNPACKING pc=0x0000000002c8582a sp=0x000000001ba8c9a8 mode 2


Dynamic libraries:
0x00007ff6f1620000 - 0x00007ff6f1657000 	C:\Program Files\Java\jdk1.8.0_111\bin\java.exe
0x00007ffb92fa0000 - 0x00007ffb93190000 	C:\WINDOWS\SYSTEM32\ntdll.dll
0x00007ffb91c60000 - 0x00007ffb91d12000 	C:\WINDOWS\System32\KERNEL32.DLL
0x00007ffb901e0000 - 0x00007ffb90485000 	C:\WINDOWS\System32\KERNELBASE.dll
0x00007ffb92090000 - 0x00007ffb92133000 	C:\WINDOWS\System32\ADVAPI32.dll
0x00007ffb91f40000 - 0x00007ffb91fde000 	C:\WINDOWS\System32\msvcrt.dll
0x00007ffb91050000 - 0x00007ffb910e7000 	C:\WINDOWS\System32\sechost.dll
0x00007ffb92300000 - 0x00007ffb92420000 	C:\WINDOWS\System32\RPCRT4.dll
0x00007ffb91240000 - 0x00007ffb913d4000 	C:\WINDOWS\System32\USER32.dll
0x00007ffb91020000 - 0x00007ffb91041000 	C:\WINDOWS\System32\win32u.dll
0x00007ffb91850000 - 0x00007ffb91876000 	C:\WINDOWS\System32\GDI32.dll
0x00007ffb90e80000 - 0x00007ffb91016000 	C:\WINDOWS\System32\gdi32full.dll
0x00007ffb8fff0000 - 0x00007ffb9008e000 	C:\WINDOWS\System32\msvcp_win.dll
0x00007ffb900e0000 - 0x00007ffb901da000 	C:\WINDOWS\System32\ucrtbase.dll
0x00007ffb78d60000 - 0x00007ffb78fe4000 	C:\WINDOWS\WinSxS\amd64_microsoft.windows.common-controls_6595b64144ccf1df_6.0.18362.1198_none_9e820b57e45ad92f\COMCTL32.dll
0x00007ffb91920000 - 0x00007ffb91c55000 	C:\WINDOWS\System32\combase.dll
0x00007ffb8ff20000 - 0x00007ffb8ffa0000 	C:\WINDOWS\System32\bcryptPrimitives.dll
0x00007ffb91880000 - 0x00007ffb918ae000 	C:\WINDOWS\System32\IMM32.DLL
0x0000000055540000 - 0x0000000055612000 	C:\Program Files\Java\jdk1.8.0_111\jre\bin\msvcr100.dll
0x0000000055620000 - 0x0000000055eba000 	C:\Program Files\Java\jdk1.8.0_111\jre\bin\server\jvm.dll
0x00007ffb91f30000 - 0x00007ffb91f38000 	C:\WINDOWS\System32\PSAPI.DLL
0x00007ffb7dd00000 - 0x00007ffb7dd09000 	C:\WINDOWS\SYSTEM32\WSOCK32.dll
0x00007ffb8ca00000 - 0x00007ffb8ca24000 	C:\WINDOWS\SYSTEM32\WINMM.dll
0x00007ffb918b0000 - 0x00007ffb9191f000 	C:\WINDOWS\System32\WS2_32.dll
0x00007ffb83dc0000 - 0x00007ffb83dca000 	C:\WINDOWS\SYSTEM32\VERSION.dll
0x00007ffb8c9d0000 - 0x00007ffb8c9fd000 	C:\WINDOWS\SYSTEM32\WINMMBASE.dll
0x00007ffb90090000 - 0x00007ffb900da000 	C:\WINDOWS\System32\cfgmgr32.dll
0x00000000554f0000 - 0x00000000554ff000 	C:\Program Files\Java\jdk1.8.0_111\jre\bin\verify.dll
0x00000000554c0000 - 0x00000000554e9000 	C:\Program Files\Java\jdk1.8.0_111\jre\bin\java.dll
0x00000000554a0000 - 0x00000000554b6000 	C:\Program Files\Java\jdk1.8.0_111\jre\bin\zip.dll
0x00007ffb92420000 - 0x00007ffb92b07000 	C:\WINDOWS\System32\SHELL32.dll
0x00007ffb92b10000 - 0x00007ffb92bb9000 	C:\WINDOWS\System32\shcore.dll
0x00007ffb905a0000 - 0x00007ffb90d21000 	C:\WINDOWS\System32\windows.storage.dll
0x00007ffb8fef0000 - 0x00007ffb8ff13000 	C:\WINDOWS\System32\profapi.dll
0x00007ffb8fe80000 - 0x00007ffb8feca000 	C:\WINDOWS\System32\powrprof.dll
0x00007ffb8fe50000 - 0x00007ffb8fe60000 	C:\WINDOWS\System32\UMPDC.dll
0x00007ffb911e0000 - 0x00007ffb91232000 	C:\WINDOWS\System32\shlwapi.dll
0x00007ffb8fe60000 - 0x00007ffb8fe71000 	C:\WINDOWS\System32\kernel.appcore.dll
0x00007ffb8ffd0000 - 0x00007ffb8ffe7000 	C:\WINDOWS\System32\cryptsp.dll
0x00000000552c0000 - 0x0000000055458000 	C:\Program Files\Java\jdk1.8.0_111\jre\bin\awt.dll
0x00007ffb91e60000 - 0x00007ffb91f25000 	C:\WINDOWS\System32\OLEAUT32.dll
0x00007ffb8dee0000 - 0x00007ffb8df6f000 	C:\WINDOWS\SYSTEM32\apphelp.dll
0x00007ffb8e4f0000 - 0x00007ffb8e51d000 	C:\WINDOWS\system32\DWMAPI.DLL
0x00007ffb8e020000 - 0x00007ffb8e0b9000 	C:\WINDOWS\system32\uxtheme.dll
0x00007ffb91d20000 - 0x00007ffb91e55000 	C:\WINDOWS\System32\MSCTF.dll
0x00007ffb921a0000 - 0x00007ffb922f7000 	C:\WINDOWS\System32\ole32.dll
0x0000000055270000 - 0x00000000552b7000 	C:\Program Files\Java\jdk1.8.0_111\jre\bin\fontmanager.dll
0x0000000055480000 - 0x000000005549a000 	C:\Program Files\Java\jdk1.8.0_111\jre\bin\net.dll
0x00007ffb8f6a0000 - 0x00007ffb8f707000 	C:\WINDOWS\system32\mswsock.dll
0x0000000055460000 - 0x0000000055471000 	C:\Program Files\Java\jdk1.8.0_111\jre\bin\nio.dll
0x0000000055220000 - 0x0000000055262000 	C:\Program Files\Java\jdk1.8.0_111\jre\bin\t2k.dll
0x00007ffb92bc0000 - 0x00007ffb92c62000 	C:\WINDOWS\System32\clbcatq.dll
0x00007ffb8acb0000 - 0x00007ffb8ae5f000 	C:\WINDOWS\SYSTEM32\WindowsCodecs.dll
0x00007ffb6cec0000 - 0x00007ffb6cefa000 	C:\WINDOWS\system32\dataexchange.dll
0x00007ffb8d0c0000 - 0x00007ffb8d31b000 	C:\WINDOWS\system32\d3d11.dll
0x00007ffb8d780000 - 0x00007ffb8d95d000 	C:\WINDOWS\system32\dcomp.dll
0x00007ffb8eb20000 - 0x00007ffb8ec0b000 	C:\WINDOWS\system32\dxgi.dll
0x00007ffb8ea90000 - 0x00007ffb8eab0000 	C:\WINDOWS\SYSTEM32\dxcore.dll
0x00007ffb8e190000 - 0x00007ffb8e3f2000 	C:\WINDOWS\system32\twinapi.appcore.dll
0x00007ffb8e600000 - 0x00007ffb8e629000 	C:\WINDOWS\system32\RMCLIENT.dll
0x00007ffb82810000 - 0x00007ffb828ae000 	C:\WINDOWS\System32\TextInputFramework.dll
0x00007ffb8d960000 - 0x00007ffb8da34000 	C:\WINDOWS\System32\CoreMessaging.dll
0x00007ffb8b290000 - 0x00007ffb8b5ba000 	C:\WINDOWS\System32\CoreUIComponents.dll
0x00007ffb8c140000 - 0x00007ffb8c293000 	C:\WINDOWS\SYSTEM32\wintypes.dll
0x00007ffb8ee90000 - 0x00007ffb8eec1000 	C:\WINDOWS\SYSTEM32\ntmarta.dll
0x00007ffb81140000 - 0x00007ffb813e7000 	C:\WINDOWS\System32\iertutil.dll
0x00000000551a0000 - 0x00000000551d1000 	C:\Program Files\Java\jdk1.8.0_111\jre\bin\jpeg.dll

VM Arguments:
jvm_args: -Dfile.encoding=UTF-8 
java_command: alimentacionsaludable.AlimentacionSaludable
java_class_path (initial): C:\Program Files\NetBeans 8.2\java\modules\ext\AbsoluteLayout.jar;C:\Users\Dell Latitude e6440\Desktop\Obligatorio2\AlimentacionSaludable\DateChooser.jar;C:\Users\Dell Latitude e6440\Desktop\Obligatorio2\AlimentacionSaludable\jcalendar-1.4.jar;C:\Users\Dell Latitude e6440\Desktop\Obligatorio2\AlimentacionSaludable\build\classes
Launcher Type: SUN_STANDARD

Environment Variables:
PATH=C:\Users\CO\product\11.2.0\dbhome_1\bin;C:\Users\Oracle\product\11.2.0\dbhome_2\bin;C:\Program Files (x86)\Common Files\Oracle\Java\javapath;C:\WINDOWS\system32;C:\WINDOWS;C:\WINDOWS\System32\Wbem;C:\WINDOWS\System32\WindowsPowerShell\v1.0\;C:\WINDOWS\System32\OpenSSH\;C:\Program Files\PuTTY\;C:\Program Files\Git\cmd;C:\Program Files\nodejs\;C:\Users\Dell Latitude e6440\Downloads\sonarqube-8.4.2.36762;C:\Strawberry\c\bin;C:\Strawberry\perl\site\bin;C:\Strawberry\perl\bin;C:\Users\Dell Latitude e6440\AppData\Local\Microsoft\WindowsApps;C:\Users\Dell Latitude e6440\AppData\Local\GitHubDesktop\bin;C:\Users\Dell Latitude e6440\AppData\Roaming\npm;C:\Users\Dell Latitude e6440\AppData\Local\Programs\Microsoft VS Code\bin;C:\Users\Dell Latitude e6440\.dotnet\tools;C:\sonarqube-8.4.2.36762\bin\windows-x86-64;C:\Program Files\dotnet;C:\Users\Dell Latitude e6440\Downloads\sonar-scanner-4.4.0.2170-windows\bin;C:\Users\Dell Latitude e6440\Downloads\Ingenieria Software 2\Practicos\sonar-scanner-4.4.0.2170-windows\bin;C:\Users\Dell Latitude e6440\AppData\Local\Programs\MiKTeX\miktex\bin\x64\;
USERNAME=Dell Latitude e6440
OS=Windows_NT
PROCESSOR_IDENTIFIER=Intel64 Family 6 Model 60 Stepping 3, GenuineIntel



---------------  S Y S T E M  ---------------

OS: Windows 10.0 , 64 bit Build 18362 (10.0.18362.1110)

CPU:total 4 (2 cores per cpu, 2 threads per core) family 6 model 60 stepping 3, cmov, cx8, fxsr, mmx, sse, sse2, sse3, ssse3, sse4.1, sse4.2, popcnt, avx, avx2, aes, clmul, erms, lzcnt, ht, tsc, tscinvbit, bmi1, bmi2

Memory: 4k page, physical 8291712k(1371680k free), swap 23782412k(5144k free)

vm_info: Java HotSpot(TM) 64-Bit Server VM (25.111-b14) for windows-amd64 JRE (1.8.0_111-b14), built on Sep 22 2016 19:24:05 by "java_re" with MS VC++ 10.0 (VS2010)

time: Fri Nov 13 15:24:58 2020
elapsed time: 74 seconds (0d 0h 1m 14s)

